Starting aircraft logger...
Connecting to 127.0.0.1:30003...
Connected. Listening for aircraft data...
Logged aircraft: ['2025-05-05 02:16:01', '7C6DB0', 'QFA437', '16100', '373', '-37.45097', '145.63722']
Logged aircraft: ['2025-05-05 02:16:06', '7C6DB0', 'QFA437', '15950', '373', '-37.45328', '145.63297']
Logged aircraft: ['2025-05-05 02:16:11', '7C6DB0', 'QFA437', '15750', '373', '-37.45747', '145.62600']
Logged aircraft: ['2025-05-05 02:16:16', '7C6DB0', 'QFA437', '15600', '373', '-37.46156', '145.61900']
Logged aircraft: ['2025-05-05 02:16:20', '7C6DB0', 'QFA437', '15400', '372', '-37.46636', '145.61082']
Logged aircraft: ['2025-05-05 02:16:25', '7C6DB0', 'QFA437', '15200', '371', '-37.47162', '145.60175']
Logged aircraft: ['2025-05-05 02:16:36', '7C6DB0', 'QFA437', '15000', '371', '-37.47693', '145.59269']
Flushed stale aircraft: ['2025-05-05 02:18:55', '7C6DB0', '', '14575', '371', '-37.48740', '145.57482']
Logged aircraft: ['2025-05-05 02:36:10', '7C7A3F', 'VOZ834', '15375', '336', '-37.45225', '145.63542']
Logged aircraft: ['2025-05-05 02:36:14', '7C7A3F', 'VOZ834', '15275', '335', '-37.45271', '145.63465']
Logged aircraft: ['2025-05-05 02:36:29', '7C7A3F', 'VOZ834', '15175', '336', '-37.45578', '145.62921']
Logged aircraft: ['2025-05-05 02:36:34', '7C7A3F', 'VOZ834', '14675', '336', '-37.46924', '145.60605']
Logged aircraft: ['2025-05-05 02:36:39', '7C7A3F', 'VOZ834', '14500', '336', '-37.47385', '145.59816']
Logged aircraft: ['2025-05-05 02:36:44', '7C7A3F', 'VOZ834', '14350', '336', '-37.47853', '145.59012']
Logged aircraft: ['2025-05-05 02:36:49', '7C7A3F', 'VOZ834', '14175', '336', '-37.48334', '145.58194']
Logged aircraft: ['2025-05-05 02:36:53', '7C7A3F', 'VOZ834', '14025', '336', '-37.48755', '145.57469']
Flushed stale aircraft: ['2025-05-05 02:38:17', '7CAD45', '', '17175', '371', '-37.23555', '145.46237']
Logged aircraft: ['2025-05-05 02:38:29', '7C6DB4', 'QFA442', '19150', '418', '-37.20314', '145.41323']
Logged aircraft: ['2025-05-05 02:38:39', '7C6DB4', 'QFA442', '19700', '418', '-37.19757', '145.42250']
Logged aircraft: ['2025-05-05 02:38:49', '7C6DB4', 'QFA442', '20125', '419', '-37.18588', '145.44191']
Logged aircraft: ['2025-05-05 02:38:59', '7C6DB4', 'QFA442', '20800', '420', '-37.16298', '145.48006']
Flushed stale aircraft: ['2025-05-05 02:39:34', '7C7A3F', '', '13725', '336', '-37.49524', '145.56143']
Flushed stale aircraft: ['2025-05-05 02:41:05', '7C6DB4', '', '20975', '423', '-37.16002', '145.48499']
Logged aircraft: ['2025-05-05 02:41:06', '7C6DDE', 'QFA439', '15425', '297', '-37.44993', '145.63906']
Logged aircraft: ['2025-05-05 02:41:11', '7C6DDE', 'QFA439', '15375', '298', '-37.45152', '145.63605']
Logged aircraft: ['2025-05-05 02:41:16', '7C6DDE', 'QFA439', '15275', '300', '-37.45546', '145.62910']
Logged aircraft: ['2025-05-05 02:41:21', '7C6DDE', 'QFA439', '15125', '302', '-37.45956', '145.62199']
Logged aircraft: ['2025-05-05 02:41:26', '7C6DDE', 'QFA439', '15000', '304', '-37.46361', '145.61500']
Logged aircraft: ['2025-05-05 02:41:31', '7C6DDE', 'QFA439', '14875', '305', '-37.46777', '145.60783']
Logged aircraft: ['2025-05-05 02:41:36', '7C6DDE', 'QFA439', '14750', '306', '-37.47213', '145.60037']
Logged aircraft: ['2025-05-05 02:41:38', '7C6DDE', 'QFA439', '14625', '308', '-37.47646', '145.59303']
Logged aircraft: ['2025-05-05 02:41:42', '7C6DDE', 'QFA439', '14575', '308', '-37.47762', '145.59106']
Logged aircraft: ['2025-05-05 02:41:52', '7C6DDE', 'QFA439', '14475', '309', '-37.48107', '145.58527']
Flushed stale aircraft: ['2025-05-05 02:42:05', '7C0B6D', 'CJJ', '2700', '', '-38.19960', '145.90895']
Logged aircraft: ['2025-05-05 02:42:11', '7C6DDE', 'QFA439', '14225', '313', '-37.48987', '145.57046']
Flushed stale aircraft: ['2025-05-05 02:44:21', '7C6DDE', '', '13675', '316', '-37.50650', '145.54208']
Logged aircraft: ['2025-05-05 02:46:40', '7C7CC6', 'HM2', '1200', '135', '-38.08406', '145.95781']
Logged aircraft: ['2025-05-05 02:46:44', '7C7CC6', 'HM2', '1200', '132', '-38.08324', '145.93549']
Logged aircraft: ['2025-05-05 02:46:49', '7C7CC6', 'HM2', '1225', '129', '-38.08313', '145.93140']
Logged aircraft: ['2025-05-05 02:46:54', '7C7CC6', 'HM2', '1200', '129', '-38.08305', '145.92789']
Logged aircraft: ['2025-05-05 02:47:00', '7C7CC6', 'HM2', '1200', '126', '-38.08280', '145.92244']
Logged aircraft: ['2025-05-05 02:47:09', '7C7CC6', 'HM2', '1200', '124', '-38.08269', '145.91988']
Logged aircraft: ['2025-05-05 02:47:14', '7C7CC6', 'HM2', '1200', '122', '-38.08241', '145.91334']
Logged aircraft: ['2025-05-05 02:47:24', '7C7CC6', 'HM2', '1200', '123', '-38.08220', '145.90942']
Logged aircraft: ['2025-05-05 02:47:29', '7C7CC6', 'HM2', '1200', '128', '-38.08200', '145.90282']
Logged aircraft: ['2025-05-05 02:47:34', '7C7CC6', 'HM2', '1225', '127', '-38.08192', '145.89874']
Logged aircraft: ['2025-05-05 02:48:32', '7C7CAA', 'YWS', '36675', '258', '-37.13786', '145.36811']
Logged aircraft: ['2025-05-05 02:48:34', '7C7CAA', 'YWS', '36900', '261', '-37.13700', '145.36894']
Logged aircraft: ['2025-05-05 02:48:45', '7C7CAA', 'YWS', '36900', '262', '-37.13521', '145.37074']
Logged aircraft: ['2025-05-05 02:48:55', '7C7CAA', 'YWS', '36900', '270', '-37.12271', '145.38304']
Logged aircraft: ['2025-05-05 02:49:05', '7C7CAA', 'YWS', '36900', '276', '-37.11525', '145.39038']
Logged aircraft: ['2025-05-05 02:49:13', '7C7AA0', 'VOZ267', '19000', '412', '-37.21925', '145.40353']
Logged aircraft: ['2025-05-05 02:49:15', '7C7CAA', 'YWS', '36925', '283', '-37.10497', '145.40047']
Logged aircraft: ['2025-05-05 02:49:17', '7C7AA0', 'VOZ267', '19575', '414', '-37.20525', '145.42656']
Logged aircraft: ['2025-05-05 02:49:18', '7C7CAA', 'YWS', '36950', '287', '-37.09487', '145.41044']
Logged aircraft: ['2025-05-05 02:49:26', '7C7CAA', 'YWS', '36975', '288', '-37.09171', '145.41355']
Logged aircraft: ['2025-05-05 02:49:32', '7C7AA0', 'VOZ267', '19800', '415', '-37.19864', '145.43749']
Logged aircraft: ['2025-05-05 02:49:34', '7C7CAA', 'YWS', '37025', '290', '-37.08333', '145.42185']
Logged aircraft: ['2025-05-05 02:49:35', '7C7CAA', 'YWS', '37150', '292', '-37.07467', '145.43044']
Logged aircraft: ['2025-05-05 02:49:45', '7C7CAA', 'YWS', '37175', '292', '-37.07373', '145.43140']
Logged aircraft: ['2025-05-05 02:49:47', '7C7AA0', 'VOZ267', '20475', '417', '-37.17219', '145.48102']
Flushed stale aircraft: ['2025-05-05 02:50:09', '7C7CC6', '', '1225', '127', '-38.08183', '145.89509']
Flushed stale aircraft: ['2025-05-05 02:51:55', '7C7AA0', '', '21075', '417', '-37.16556', '145.49194']
Logged aircraft: ['2025-05-05 02:51:56', 'C82B0B', 'ANZ124', '17825', '462', '-37.55849', '145.47684']
Logged aircraft: ['2025-05-05 02:52:07', 'C82B0B', 'ANZ124', '19275', '475', '-37.57315', '145.56785']
Flushed stale aircraft: ['2025-05-05 02:52:10', '7C7CAA', '', '37325', '292', '-37.06169', '145.44338']
Logged aircraft: ['2025-05-05 02:52:22', 'C82B0B', 'ANZ124', '19550', '476', '-37.57516', '145.58065']
Logged aircraft: ['2025-05-05 02:52:27', 'C82B0B', 'ANZ124', '20250', '479', '-37.58139', '145.62021']
Logged aircraft: ['2025-05-05 02:52:37', 'C82B0B', 'ANZ124', '20475', '480', '-37.58368', '145.63477']
Logged aircraft: ['2025-05-05 02:52:42', 'C82B0B', 'ANZ124', '20850', '484', '-37.58784', '145.66147']
Logged aircraft: ['2025-05-05 02:52:47', 'C82B0B', 'ANZ124', '21050', '485', '-37.59013', '145.67585']
Logged aircraft: ['2025-05-05 02:52:52', 'C82B0B', 'ANZ124', '21275', '486', '-37.59219', '145.68904']
Logged aircraft: ['2025-05-05 02:52:57', 'C82B0B', 'ANZ124', '21500', '487', '-37.59453', '145.70390']
Logged aircraft: ['2025-05-05 02:53:07', 'C82B0B', 'ANZ124', '21675', '488', '-37.59650', '145.71646']
Flushed stale aircraft: ['2025-05-05 02:55:37', 'C82B0B', '', '22125', '490', '-37.60130', '145.74691']
Flushed stale aircraft: ['2025-05-05 02:56:37', '064B27', '', '', '0', '', '']
Logged aircraft: ['2025-05-05 02:56:56', '7C6D24', 'VOZ1593', '19275', '437', '-37.15462', '145.41387']
Logged aircraft: ['2025-05-05 02:57:16', '7C6D24', 'VOZ1593', '19500', '438', '-37.15164', '145.41901']
Logged aircraft: ['2025-05-05 02:57:21', '7C6D24', 'VOZ1593', '20300', '439', '-37.12760', '145.46090']
Flushed stale aircraft: ['2025-05-05 03:00:57', '7C6D24', '', '20500', '439', '-37.12157', '145.47143']
Flushed stale aircraft: ['2025-05-05 03:01:57', '7C6B0D', '', '18425', '428', '-37.12629', '145.46221']
Logged aircraft: ['2025-05-05 03:10:03', '7C6DE4', 'QFA441', '15375', '295', '-37.44974', '145.63948']
Logged aircraft: ['2025-05-05 03:10:13', '7C6DE4', 'QFA441', '15275', '295', '-37.45015', '145.63874']
Logged aircraft: ['2025-05-05 03:10:19', '7C6DE4', 'QFA441', '15100', '297', '-37.45789', '145.62524']
Logged aircraft: ['2025-05-05 03:10:23', '7C6DE4', 'QFA441', '14975', '296', '-37.46617', '145.61118']
Logged aircraft: ['2025-05-05 03:10:28', '7C6DE4', 'QFA441', '14850', '295', '-37.46658', '145.61046']
Logged aircraft: ['2025-05-05 03:10:33', '7C6DE4', 'QFA441', '14750', '295', '-37.46992', '145.60485']
Logged aircraft: ['2025-05-05 03:10:38', '7C6DE4', 'QFA441', '14600', '295', '-37.47427', '145.59742']
Logged aircraft: ['2025-05-05 03:10:53', '7C6DE4', 'QFA441', '14475', '294', '-37.47818', '145.59082']
Logged aircraft: ['2025-05-05 03:11:13', '7C6DE4', 'QFA441', '14075', '293', '-37.49043', '145.56984']
Logged aircraft: ['2025-05-05 03:11:18', '7C6DE4', 'QFA441', '13550', '291', '-37.50664', '145.54179']
Logged aircraft: ['2025-05-05 03:11:18', '7C6DE4', 'QFA441', '13425', '290', '-37.51072', '145.53469']
Logged aircraft: ['2025-05-05 03:11:28', '7C6DE4', 'QFA441', '13325', '290', '-37.51361', '145.52962']
Logged aircraft: ['2025-05-05 03:13:05', '7C7A3E', 'VOZ838', '15600', '338', '-37.45006', '145.63903']
Logged aircraft: ['2025-05-05 03:13:09', '7C7A3E', 'VOZ838', '15525', '338', '-37.45148', '145.63640']
Logged aircraft: ['2025-05-05 03:13:14', '7C7A3E', 'VOZ838', '15375', '339', '-37.45583', '145.62875']
Logged aircraft: ['2025-05-05 03:13:24', '7C7A3E', 'VOZ838', '15200', '338', '-37.46100', '145.61986']
Logged aircraft: ['2025-05-05 03:13:29', '7C7A3E', 'VOZ838', '14875', '338', '-37.46983', '145.60467']
Logged aircraft: ['2025-05-05 03:13:34', '7C7A3E', 'VOZ838', '14700', '338', '-37.47455', '145.59661']
Logged aircraft: ['2025-05-05 03:13:39', '7C7A3E', 'VOZ838', '14550', '337', '-37.47876', '145.58953']
Logged aircraft: ['2025-05-05 03:13:44', '7C7A3E', 'VOZ838', '14375', '337', '-37.48375', '145.58100']
Logged aircraft: ['2025-05-05 03:13:49', '7C7A3E', 'VOZ838', '14200', '336', '-37.48805', '145.57362']
Flushed stale aircraft: ['2025-05-05 03:13:49', '7C6DE4', '', '13175', '', '-37.51817', '145.52168']
Flushed stale aircraft: ['2025-05-05 03:16:12', '7C7A3E', '', '14025', '335', '-37.49290', '145.56534']
Logged aircraft: ['2025-05-05 03:20:59', 'C827A3', 'ANZ192', '35025', '509', '-37.15702', '145.33222']
Logged aircraft: ['2025-05-05 03:21:03', 'C827A3', 'ANZ192', '35025', '509', '-37.15739', '145.33366']
Logged aircraft: ['2025-05-05 03:21:09', 'C827A3', 'ANZ192', '35025', '509', '-37.15979', '145.34392']
Logged aircraft: ['2025-05-05 03:21:14', 'C827A3', 'ANZ192', '35000', '508', '-37.16349', '145.35957']
Logged aircraft: ['2025-05-05 03:21:19', 'C827A3', 'ANZ192', '35000', '508', '-37.16661', '145.37283']
Logged aircraft: ['2025-05-05 03:21:24', 'C827A3', 'ANZ192', '35000', '508', '-37.17004', '145.38728']
Logged aircraft: ['2025-05-05 03:21:29', 'C827A3', 'ANZ192', '35000', '507', '-37.17350', '145.40178']
Logged aircraft: ['2025-05-05 03:21:30', 'C827A3', 'ANZ192', '35000', '506', '-37.17690', '145.41611']
Logged aircraft: ['2025-05-05 03:21:34', 'C827A3', 'ANZ192', '35000', '506', '-37.17746', '145.41849']
Logged aircraft: ['2025-05-05 03:21:39', 'C827A3', 'ANZ192', '35000', '506', '-37.18016', '145.42985']
Logged aircraft: ['2025-05-05 03:21:44', 'C827A3', 'ANZ192', '35000', '506', '-37.18369', '145.44455']
Logged aircraft: ['2025-05-05 03:21:49', 'C827A3', 'ANZ192', '35000', '506', '-37.18694', '145.45828']
Logged aircraft: ['2025-05-05 03:21:54', 'C827A3', 'ANZ192', '35000', '506', '-37.19021', '145.47218']
Logged aircraft: ['2025-05-05 03:21:59', 'C827A3', 'ANZ192', '35000', '506', '-37.19356', '145.48621']
Logged aircraft: ['2025-05-05 03:22:04', 'C827A3', 'ANZ192', '34975', '506', '-37.19696', '145.50048']
Logged aircraft: ['2025-05-05 03:22:09', 'C827A3', 'ANZ192', '34975', '505', '-37.20026', '145.51438']
Logged aircraft: ['2025-05-05 03:22:14', 'C827A3', 'ANZ192', '34975', '505', '-37.20360', '145.52835']
Logged aircraft: ['2025-05-05 03:22:14', 'C827A3', 'ANZ192', '34975', '504', '-37.20688', '145.54222']
Logged aircraft: ['2025-05-05 03:22:19', 'C827A3', 'ANZ192', '34975', '505', '-37.20725', '145.54389']
Flushed stale aircraft: ['2025-05-05 03:22:39', '7C0B6D', '', '2675', '', '', '']
Logged aircraft: ['2025-05-05 03:22:49', '7C7BC6', 'VOZ845', '20475', '410', '-37.17406', '145.37939']
Logged aircraft: ['2025-05-05 03:22:59', '7C7BC6', 'VOZ845', '20875', '414', '-37.16098', '145.40232']
Logged aircraft: ['2025-05-05 03:23:04', '7C7BC6', 'VOZ845', '21250', '414', '-37.14908', '145.42316']
Logged aircraft: ['2025-05-05 03:23:09', '7C7BC6', 'VOZ845', '21450', '414', '-37.14729', '145.42632']
Flushed stale aircraft: ['2025-05-05 03:24:26', '7C6A58', '', '13075', '259', '', '']
Flushed stale aircraft: ['2025-05-05 03:25:26', 'C827A3', '', '34975', '505', '-37.21009', '145.55595']
Flushed stale aircraft: ['2025-05-05 03:25:26', '7C7BC6', '', '21725', '414', '-37.14003', '145.43898']
Logged aircraft: ['2025-05-05 03:29:46', '7C495B', 'RXA3469', '16325', '224', '-37.67047', '145.76280']
Logged aircraft: ['2025-05-05 03:29:51', '7C495B', 'RXA3469', '15375', '220', '-37.67100', '145.75968']
Logged aircraft: ['2025-05-05 03:29:56', '7C495B', 'RXA3469', '15325', '217', '-37.67156', '145.75597']
Logged aircraft: ['2025-05-05 03:30:01', '7C495B', 'RXA3469', '15225', '216', '-37.67263', '145.74952']
Logged aircraft: ['2025-05-05 03:30:06', '7C495B', 'RXA3469', '15150', '214', '-37.67358', '145.74381']
Logged aircraft: ['2025-05-05 03:30:11', '7C495B', 'RXA3469', '15075', '211', '-37.67459', '145.73788']
Logged aircraft: ['2025-05-05 03:30:11', '7C495B', 'RXA3469', '14975', '210', '-37.67555', '145.73177']
Logged aircraft: ['2025-05-05 03:30:15', '7C495B', 'RXA3469', '14975', '209', '-37.67564', '145.73125']
Logged aircraft: ['2025-05-05 03:30:21', '7C495B', 'RXA3469', '14900', '208', '-37.67656', '145.72581']
Logged aircraft: ['2025-05-05 03:30:26', '7C495B', 'RXA3469', '14800', '206', '-37.67752', '145.71991']
Logged aircraft: ['2025-05-05 03:30:31', '7C495B', 'RXA3469', '14700', '205', '-37.67854', '145.71370']
Logged aircraft: ['2025-05-05 03:30:36', '7C495B', 'RXA3469', '14625', '203', '-37.67957', '145.70743']
Logged aircraft: ['2025-05-05 03:30:41', '7C495B', 'RXA3469', '14525', '201', '-37.68045', '145.70212']
Logged aircraft: ['2025-05-05 03:30:46', '7C495B', 'RXA3469', '14450', '200', '-37.68138', '145.69638']
Logged aircraft: ['2025-05-05 03:30:51', '7C495B', 'RXA3469', '14350', '198', '-37.68250', '145.68958']
Logged aircraft: ['2025-05-05 03:30:56', '7C495B', 'RXA3469', '14275', '196', '-37.68329', '145.68455']
Logged aircraft: ['2025-05-05 03:31:01', '7C495B', 'RXA3469', '14200', '194', '-37.68420', '145.67924']
Logged aircraft: ['2025-05-05 03:31:31', '7C495B', 'RXA3469', '14100', '192', '-37.68503', '145.67398']
Logged aircraft: ['2025-05-05 03:31:56', '7C495B', 'RXA3469', '13575', '180', '-37.69016', '145.64236']
Logged aircraft: ['2025-05-05 03:32:16', '7C495B', 'RXA3469', '12925', '171', '-37.69637', '145.60491']
Logged aircraft: ['2025-05-05 03:34:09', '7C6C9C', 'JST607', '25825', '413', '-37.29950', '145.58363']
Logged aircraft: ['2025-05-05 03:34:20', '7C6C9C', 'JST607', '25675', '410', '-37.30142', '145.57978']
Logged aircraft: ['2025-05-05 03:34:24', '7C6C9C', 'JST607', '25275', '409', '-37.31140', '145.55950']
Logged aircraft: ['2025-05-05 03:34:29', '7C6C9C', 'JST607', '25075', '407', '-37.31641', '145.54926']
Logged aircraft: ['2025-05-05 03:34:34', '7C6C9C', 'JST607', '24875', '406', '-37.32107', '145.53977']
Logged aircraft: ['2025-05-05 03:34:40', '7C6C9C', 'JST607', '24675', '404', '-37.32582', '145.52998']
Logged aircraft: ['2025-05-05 03:34:44', '7C6C9C', 'JST607', '24475', '404', '-37.33063', '145.52017']
Logged aircraft: ['2025-05-05 03:34:49', '7C6C9C', 'JST607', '24275', '403', '-37.33562', '145.50994']
Logged aircraft: ['2025-05-05 03:35:00', '7C6C9C', 'JST607', '24075', '402', '-37.34038', '145.50018']
Logged aircraft: ['2025-05-05 03:35:05', '7C6C9C', 'JST607', '23625', '400', '-37.35030', '145.47982']
Flushed stale aircraft: ['2025-05-05 03:35:12', '7C495B', '', '12550', '182', '-37.69912', '145.58807']
Logged aircraft: ['2025-05-05 03:35:38', '7C4A53', 'JST513', '17375', '289', '-37.44560', '145.64790']
Logged aircraft: ['2025-05-05 03:35:42', '7C4A53', 'JST513', '16725', '286', '-37.44699', '145.64533']
Logged aircraft: ['2025-05-05 03:35:47', '7C4A53', 'JST513', '16675', '286', '-37.44841', '145.64260']
Logged aircraft: ['2025-05-05 03:35:57', '7C4A53', 'JST513', '16525', '288', '-37.45290', '145.63435']
Logged aircraft: ['2025-05-05 03:35:58', '7C4A53', 'JST513', '16325', '292', '-37.45990', '145.62244']
Logged aircraft: ['2025-05-05 03:36:08', '7C4A53', 'JST513', '16300', '293', '-37.46068', '145.62115']
Logged aircraft: ['2025-05-05 03:36:13', '7C4A53', 'JST513', '16025', '297', '-37.46915', '145.60682']
Logged aircraft: ['2025-05-05 03:36:18', '7C4A53', 'JST513', '15875', '298', '-37.47331', '145.59959']
Logged aircraft: ['2025-05-05 03:36:28', '7C4A53', 'JST513', '15750', '299', '-37.47693', '145.59339']
Logged aircraft: ['2025-05-05 03:36:33', '7C4A53', 'JST513', '15475', '300', '-37.48508', '145.57931']
Logged aircraft: ['2025-05-05 03:36:38', '7C4A53', 'JST513', '15325', '300', '-37.48920', '145.57212']
Logged aircraft: ['2025-05-05 03:36:57', '7C4A53', 'JST513', '15175', '299', '-37.49345', '145.56473']
Flushed stale aircraft: ['2025-05-05 03:37:25', '7C6C9C', '', '23400', '400', '-37.35727', '145.46553']
Flushed stale aircraft: ['2025-05-05 03:38:36', '7C5D94', '', '14025', '233', '', '']
Flushed stale aircraft: ['2025-05-05 03:39:41', '7C585F', '', '23050', '', '', '']
Flushed stale aircraft: ['2025-05-05 03:40:41', '7C4A53', '', '13850', '', '', '']
Flushed stale aircraft: ['2025-05-05 03:40:41', '7C7BCE', '', '', '308', '', '']
Logged aircraft: ['2025-05-05 03:44:28', 'C820D2', 'ANZ175', '36000', '428', '-37.80620', '146.18572']
Logged aircraft: ['2025-05-05 03:44:58', 'C820D2', 'ANZ175', '36000', '435', '-37.78853', '146.03799']
Logged aircraft: ['2025-05-05 03:45:03', 'C820D2', 'ANZ175', '36000', '437', '-37.77979', '145.96585']
Logged aircraft: ['2025-05-05 03:45:08', 'C820D2', 'ANZ175', '36000', '437', '-37.77821', '145.95277']
Logged aircraft: ['2025-05-05 03:45:09', 'C820D2', 'ANZ175', '35975', '436', '-37.77667', '145.93993']
Logged aircraft: ['2025-05-05 03:45:18', 'C820D2', 'ANZ175', '36000', '436', '-37.77640', '145.93794']
Logged aircraft: ['2025-05-05 03:45:21', 'C820D2', 'ANZ175', '35975', '435', '-37.77351', '145.91510']
Logged aircraft: ['2025-05-05 03:45:23', 'C820D2', 'ANZ175', '35975', '435', '-37.77274', '145.90884']
Logged aircraft: ['2025-05-05 03:45:29', 'C820D2', 'ANZ175', '35975', '435', '-37.77182', '145.90130']
Logged aircraft: ['2025-05-05 03:45:34', 'C820D2', 'ANZ175', '35975', '434', '-37.77036', '145.88926']
Logged aircraft: ['2025-05-05 03:45:39', 'C820D2', 'ANZ175', '35975', '434', '-37.76876', '145.87599']
Logged aircraft: ['2025-05-05 03:45:44', 'C820D2', 'ANZ175', '35975', '434', '-37.76729', '145.86373']
Logged aircraft: ['2025-05-05 03:45:48', 'C820D2', 'ANZ175', '35975', '434', '-37.76592', '145.85198']
Logged aircraft: ['2025-05-05 03:45:54', 'C820D2', 'ANZ175', '36000', '434', '-37.76445', '145.83971']
Logged aircraft: ['2025-05-05 03:45:58', 'C820D2', 'ANZ175', '36000', '434', '-37.76294', '145.82668']
Logged aircraft: ['2025-05-05 03:46:09', 'C820D2', 'ANZ175', '36000', '434', '-37.76145', '145.81443']
Logged aircraft: ['2025-05-05 03:46:09', 'C820D2', 'ANZ175', '36000', '434', '-37.75829', '145.78792']
Logged aircraft: ['2025-05-05 03:46:19', 'C820D2', 'ANZ175', '36000', '434', '-37.75801', '145.78541']
Logged aircraft: ['2025-05-05 03:46:20', 'C820D2', 'ANZ175', '35975', '433', '-37.75548', '145.76415']
Logged aircraft: ['2025-05-05 03:46:24', 'C820D2', 'ANZ175', '35975', '432', '-37.75493', '145.75971']
Logged aircraft: ['2025-05-05 03:46:29', 'C820D2', 'ANZ175', '35975', '432', '-37.75401', '145.75223']
Logged aircraft: ['2025-05-05 03:46:33', 'C820D2', 'ANZ175', '35975', '431', '-37.75251', '145.74003']
Logged aircraft: ['2025-05-05 03:46:38', 'C820D2', 'ANZ175', '35975', '431', '-37.75090', '145.72686']
Logged aircraft: ['2025-05-05 03:46:43', 'C820D2', 'ANZ175', '35975', '430', '-37.74940', '145.71472']
Logged aircraft: ['2025-05-05 03:46:48', 'C820D2', 'ANZ175', '35975', '429', '-37.74779', '145.70214']
Logged aircraft: ['2025-05-05 03:46:53', 'C820D2', 'ANZ175', '35975', '430', '-37.74623', '145.69000']
Logged aircraft: ['2025-05-05 03:46:59', 'C820D2', 'ANZ175', '35975', '430', '-37.74469', '145.67817']
Logged aircraft: ['2025-05-05 03:47:04', 'C820D2', 'ANZ175', '36000', '431', '-37.74298', '145.66504']
Logged aircraft: ['2025-05-05 03:47:08', 'C820D2', 'ANZ175', '35975', '431', '-37.74147', '145.65312']
Logged aircraft: ['2025-05-05 03:47:08', 'C820D2', 'ANZ175', '36000', '432', '-37.74004', '145.64145']
Logged aircraft: ['2025-05-05 03:47:13', 'C820D2', 'ANZ175', '36000', '432', '-37.73990', '145.64044']
Logged aircraft: ['2025-05-05 03:47:18', 'C820D2', 'ANZ175', '36000', '433', '-37.73836', '145.62775']
Logged aircraft: ['2025-05-05 03:47:28', 'C820D2', 'ANZ175', '36000', '434', '-37.73678', '145.61500']
Logged aircraft: ['2025-05-05 03:47:38', 'C820D2', 'ANZ175', '36000', '434', '-37.73385', '145.59100']
Logged aircraft: ['2025-05-05 03:50:23', '7C6DE2', 'QFA446', '19775', '422', '-37.15148', '145.41880']
Flushed stale aircraft: ['2025-05-05 03:51:53', 'C820D2', '', '36000', '435', '-37.73064', '145.56491']
Flushed stale aircraft: ['2025-05-05 03:52:53', '7C6DE2', '', '20275', '423', '-37.15036', '145.42077']
Logged aircraft: ['2025-05-05 03:56:48', '7C6D75', 'JST517', '15850', '288', '-37.44873', '145.64248']
Logged aircraft: ['2025-05-05 03:56:53', '7C6D75', 'JST517', '15575', '290', '-37.45450', '145.63155']
Logged aircraft: ['2025-05-05 03:56:58', '7C6D75', 'JST517', '15450', '289', '-37.45834', '145.62425']
Logged aircraft: ['2025-05-05 03:57:04', '7C6D75', 'JST517', '15325', '290', '-37.46210', '145.61729']
Logged aircraft: ['2025-05-05 03:57:08', '7C6D75', 'JST517', '15200', '289', '-37.46613', '145.61011']
Logged aircraft: ['2025-05-05 03:57:13', '7C6D75', 'JST517', '15075', '290', '-37.46971', '145.60384']
Logged aircraft: ['2025-05-05 03:57:18', '7C6D75', 'JST517', '14975', '289', '-37.47320', '145.59787']
Logged aircraft: ['2025-05-05 03:57:23', '7C6D75', 'JST517', '14850', '289', '-37.47716', '145.59112']
Logged aircraft: ['2025-05-05 03:57:28', '7C6D75', 'JST517', '14750', '287', '-37.48167', '145.58366']
Logged aircraft: ['2025-05-05 03:57:33', '7C6D75', 'JST517', '14625', '286', '-37.48633', '145.57595']
Logged aircraft: ['2025-05-05 03:57:39', '7C6D75', 'JST517', '14525', '285', '-37.49001', '145.56986']
Flushed stale aircraft: ['2025-05-05 04:00:13', '7C6D75', '', '14375', '284', '-37.49432', '145.56277']
Logged aircraft: ['2025-05-05 04:01:57', '7C6A53', 'AM320', '15000', '301', '-38.04165', '145.72134']
Logged aircraft: ['2025-05-05 04:02:17', '7C6A53', 'AM320', '15000', '303', '-38.05050', '145.75138']
Logged aircraft: ['2025-05-05 04:02:32', '7C6A53', 'AM320', '15000', '301', '-38.05989', '145.78308']
Logged aircraft: ['2025-05-05 04:02:37', '7C6A53', 'AM320', '15000', '300', '-38.06716', '145.80762']
Logged aircraft: ['2025-05-05 04:02:47', '7C6A53', 'AM320', '15000', '300', '-38.06940', '145.81520']
Logged aircraft: ['2025-05-05 04:02:52', '7C6A53', 'AM320', '15000', '301', '-38.07426', '145.83188']
Logged aircraft: ['2025-05-05 04:02:57', '7C6A53', 'AM320', '15000', '301', '-38.07712', '145.84160']
Logged aircraft: ['2025-05-05 04:03:02', '7C6A53', 'AM320', '15000', '301', '-38.08024', '145.85216']
Logged aircraft: ['2025-05-05 04:03:08', '7C6A53', 'AM320', '15000', '302', '-38.08173', '145.85730']
Logged aircraft: ['2025-05-05 04:03:17', '7C6A53', 'AM320', '15000', '302', '-38.08484', '145.86793']
Logged aircraft: ['2025-05-05 04:03:28', '7C6A53', 'AM320', '15000', '302', '-38.08909', '145.88232']
Logged aircraft: ['2025-05-05 04:03:38', '7C6A53', 'AM320', '15000', '302', '-38.09449', '145.90053']
Logged aircraft: ['2025-05-05 04:03:43', '7C6A53', 'AM320', '15000', '302', '-38.09886', '145.91551']
Logged aircraft: ['2025-05-05 04:03:48', '7C6A53', 'AM320', '15000', '302', '-38.10118', '145.92327']
Logged aircraft: ['2025-05-05 04:03:58', '7C6A53', 'AM320', '15000', '303', '-38.10365', '145.93157']
Logged aircraft: ['2025-05-05 04:04:02', '7C6A53', 'AM320', '15000', '304', '-38.10883', '145.94913']
Logged aircraft: ['2025-05-05 04:04:07', '7C6A53', 'AM320', '15000', '304', '-38.11084', '145.95594']
Logged aircraft: ['2025-05-05 04:04:13', '7C6A53', 'AM320', '15000', '304', '-38.11353', '145.96519']
Logged aircraft: ['2025-05-05 04:04:18', '7C6A53', 'AM320', '15000', '304', '-38.11601', '145.97371']
Logged aircraft: ['2025-05-05 04:04:28', '7C6A53', 'AM320', '15000', '302', '-38.11876', '145.98300']
Logged aircraft: ['2025-05-05 04:04:33', '7C6A53', 'AM320', '15000', '302', '-38.12462', '146.00328']
Logged aircraft: ['2025-05-05 04:04:48', '7C6A53', 'AM320', '15000', '302', '-38.12596', '146.00776']
Logged aircraft: ['2025-05-05 04:04:58', '7C6A53', 'AM320', '14725', '309', '-38.13420', '146.03601']
Logged aircraft: ['2025-05-05 04:05:13', '7C6A53', 'AM320', '14400', '316', '-38.13978', '146.05499']
Logged aircraft: ['2025-05-05 04:05:38', '7C6A53', 'AM320', '14050', '325', '-38.14609', '146.07638']
Logged aircraft: ['2025-05-05 04:06:01', '7C6A53', 'AM320', '13275', '324', '-38.15114', '146.12879']
Flushed stale aircraft: ['2025-05-05 04:08:40', '7C6A53', '', '12650', '323', '-38.14888', '146.16760']
Logged aircraft: ['2025-05-05 04:11:34', '7CFA03', 'ALDN53', '24000', '260', '-37.92801', '146.18700']
Logged aircraft: ['2025-05-05 04:12:12', '7C7AD6', 'YJS', '7825', '126', '-38.08141', '146.09601']
Logged aircraft: ['2025-05-05 04:12:14', '7CFA03', 'ALDN53', '24000', '258', '-37.92471', '146.16844']
Logged aircraft: ['2025-05-05 04:12:22', '7C7AD6', 'YJS', '7850', '139', '-38.08067', '146.08895']
Logged aircraft: ['2025-05-05 04:12:24', '7CFA03', 'ALDN53', '24025', '252', '-37.90702', '146.11333']
Logged aircraft: ['2025-05-05 04:12:37', '7C7AD6', 'YJS', '7825', '140', '-38.07967', '146.08316']
Logged aircraft: ['2025-05-05 04:12:42', '7C7AD6', 'YJS', '7900', '139', '-38.07642', '146.07176']
Logged aircraft: ['2025-05-05 04:12:44', '7CFA03', 'ALDN53', '24000', '255', '-37.89793', '146.10437']
Logged aircraft: ['2025-05-05 04:12:49', '7C7AD6', 'YJS', '7900', '141', '-38.07512', '146.06837']
Logged aircraft: ['2025-05-05 04:12:50', '7CFA03', 'ALDN53', '23975', '255', '-37.87852', '146.08748']
Logged aircraft: ['2025-05-05 04:13:04', '7CFA03', 'ALDN53', '24000', '254', '-37.87341', '146.08270']
Logged aircraft: ['2025-05-05 04:13:06', '7CFA03', 'ALDN53', '24000', '252', '-37.85870', '146.06890']
Flushed stale aircraft: ['2025-05-05 04:13:11', 'C880A8', '', '17300', '', '', '']
Logged aircraft: ['2025-05-05 04:13:14', '7CFA03', 'ALDN53', '24000', '252', '-37.85758', '146.06789']
Logged aircraft: ['2025-05-05 04:13:19', '7CFA03', 'ALDN53', '24000', '252', '-37.84855', '146.05947']
Logged aircraft: ['2025-05-05 04:13:23', '7C7AD6', 'YJS', '7925', '143', '-38.07326', '146.06393']
Logged aircraft: ['2025-05-05 04:13:25', '7CFA03', 'ALDN53', '24000', '252', '-37.84424', '146.05552']
Logged aircraft: ['2025-05-05 04:13:28', '7C7AD6', 'YJS', '7775', '151', '-38.06172', '146.03816']
Logged aircraft: ['2025-05-05 04:13:33', '7C7AD6', 'YJS', '7800', '149', '-38.06017', '146.03442']
Logged aircraft: ['2025-05-05 04:13:43', '7C6DEC', 'QFA445', '15575', '334', '-37.45143', '145.63652']
Logged aircraft: ['2025-05-05 04:13:48', '7C6DEC', 'QFA445', '15550', '335', '-37.45225', '145.63512']
Logged aircraft: ['2025-05-05 04:13:52', '7C6DEC', 'QFA445', '15475', '336', '-37.45695', '145.62688']
Logged aircraft: ['2025-05-05 04:13:53', '7C7AD6', 'YJS', '7775', '147', '-38.05751', '146.02834']
Logged aircraft: ['2025-05-05 04:14:03', '7C6DEC', 'QFA445', '15375', '336', '-37.46091', '145.62014']
Logged aircraft: ['2025-05-05 04:14:04', '7CFA03', 'ALDN53', '24025', '251', '-37.84081', '146.05236']
Logged aircraft: ['2025-05-05 04:14:06', '7C77F4', 'QFA155', '14250', '438', '-37.65587', '145.60939']
Logged aircraft: ['2025-05-05 04:14:08', '7C6DEC', 'QFA445', '15125', '332', '-37.47011', '145.60432']
Logged aircraft: ['2025-05-05 04:14:13', '7C6DEC', 'QFA445', '14950', '332', '-37.47473', '145.59643']
Logged aircraft: ['2025-05-05 04:14:14', '7C6DEC', 'QFA445', '14800', '330', '-37.47977', '145.58772']
Logged aircraft: ['2025-05-05 04:14:18', '7C6DEC', 'QFA445', '14775', '330', '-37.48013', '145.58714']
Logged aircraft: ['2025-05-05 04:14:22', '7C7AD6', 'YJS', '7825', '141', '-38.05203', '146.01505']
Logged aircraft: ['2025-05-05 04:14:23', '7C6DEC', 'QFA445', '14650', '329', '-37.48409', '145.58031']
Logged aircraft: ['2025-05-05 04:14:28', '7C77F4', 'QFA155', '14450', '440', '-37.65787', '145.62348']
Logged aircraft: ['2025-05-05 04:14:32', '7C7AD6', 'YJS', '7875', '137', '-38.04361', '145.99290']
Logged aircraft: ['2025-05-05 04:14:33', '7C77F4', 'QFA155', '15225', '443', '-37.66553', '145.67731']
Logged aircraft: ['2025-05-05 04:14:37', '7C77F4', 'QFA155', '15450', '443', '-37.66732', '145.69006']
Logged aircraft: ['2025-05-05 04:14:42', '7C7AD6', 'YJS', '7900', '136', '-38.04135', '145.98703']
Logged aircraft: ['2025-05-05 04:14:42', '7C77F4', 'QFA155', '15625', '444', '-37.66905', '145.70253']
Logged aircraft: ['2025-05-05 04:14:47', '7C77F4', 'QFA155', '15800', '445', '-37.67077', '145.71448']
Logged aircraft: ['2025-05-05 04:14:47', '7C7AD6', 'YJS', '7900', '136', '-38.03862', '145.97970']
Logged aircraft: ['2025-05-05 04:14:52', '7C77F4', 'QFA155', '15950', '447', '-37.67254', '145.72707']
Logged aircraft: ['2025-05-05 04:14:57', '7C77F4', 'QFA155', '16150', '448', '-37.67441', '145.74042']
Logged aircraft: ['2025-05-05 04:15:02', '7C7AD6', 'YJS', '7925', '136', '-38.03705', '145.97552']
Logged aircraft: ['2025-05-05 04:15:06', '7C77F4', 'QFA155', '16375', '449', '-37.67626', '145.75382']
Logged aircraft: ['2025-05-05 04:15:07', '7C7AD6', 'YJS', '7950', '138', '-38.03325', '145.96576']
Logged aircraft: ['2025-05-05 04:15:07', '7C77F4', 'QFA155', '16700', '450', '-37.67940', '145.77601']
Logged aircraft: ['2025-05-05 04:15:12', '7C7AD6', 'YJS', '7925', '139', '-38.03187', '145.96215']
Logged aircraft: ['2025-05-05 04:15:17', '7C7AD6', 'YJS', '7925', '140', '-38.03039', '145.95832']
Logged aircraft: ['2025-05-05 04:15:17', '7C77F4', 'QFA155', '16775', '451', '-37.67995', '145.77987']
Logged aircraft: ['2025-05-05 04:15:22', '7C7AD6', 'YJS', '7925', '140', '-38.02890', '145.95465']
Logged aircraft: ['2025-05-05 04:15:32', '7C7AD6', 'YJS', '7925', '140', '-38.02744', '145.95115']
Logged aircraft: ['2025-05-05 04:15:37', '7C77F4', 'QFA155', '17175', '454', '-37.68809', '145.83807']
Logged aircraft: ['2025-05-05 04:15:37', '7C7AD6', 'YJS', '7950', '139', '-38.02424', '145.94316']
Logged aircraft: ['2025-05-05 04:15:42', '7C7AD6', 'YJS', '7950', '139', '-38.02289', '145.93964']
Logged aircraft: ['2025-05-05 04:15:52', '7C7AD6', 'YJS', '7950', '140', '-38.02158', '145.93625']
Logged aircraft: ['2025-05-05 04:15:54', '7C7AD6', 'YJS', '7925', '141', '-38.01869', '145.92888']
Logged aircraft: ['2025-05-05 04:15:57', '7C7AD6', 'YJS', '7925', '141', '-38.01833', '145.92801']
Logged aircraft: ['2025-05-05 04:15:59', '7CFA03', 'ALDN53', '24025', '254', '-37.80247', '146.01720']
Logged aircraft: ['2025-05-05 04:16:07', '7C7AD6', 'YJS', '7925', '141', '-38.01730', '145.92549']
Logged aircraft: ['2025-05-05 04:16:08', '7CFA03', 'ALDN53', '24000', '248', '-37.69395', '145.91842']
Logged aircraft: ['2025-05-05 04:16:12', '7C7AD6', 'YJS', '7900', '142', '-38.01430', '145.91790']
Logged aircraft: ['2025-05-05 04:16:17', '7C7AD6', 'YJS', '7900', '142', '-38.01283', '145.91398']
Logged aircraft: ['2025-05-05 04:16:18', '7CFA03', 'ALDN53', '24000', '249', '-37.68553', '145.91080']
Logged aircraft: ['2025-05-05 04:16:18', '780A29', 'CPA3128', '13700', '307', '-37.45826', '145.62360']
Logged aircraft: ['2025-05-05 04:16:22', '7C7AD6', 'YJS', '7900', '142', '-38.01153', '145.91050']
Logged aircraft: ['2025-05-05 04:16:27', '7C7AB1', 'VOZ849', '18525', '424', '-37.21143', '145.42860']
Logged aircraft: ['2025-05-05 04:16:27', '7C7AD6', 'YJS', '7900', '142', '-38.01004', '145.90644']
Logged aircraft: ['2025-05-05 04:16:28', '7CFA03', 'ALDN53', '24000', '250', '-37.67711', '145.90311']
Logged aircraft: ['2025-05-05 04:16:32', '7C7AB1', 'VOZ849', '18925', '424', '-37.20273', '145.44280']
Logged aircraft: ['2025-05-05 04:16:32', '7C7AD6', 'YJS', '7900', '142', '-38.00865', '145.90268']
Logged aircraft: ['2025-05-05 04:16:33', '780A29', 'CPA3128', '13225', '306', '-37.45989', '145.62073']
Logged aircraft: ['2025-05-05 04:16:35', '780A29', 'CPA3128', '12850', '309', '-37.47134', '145.60128']
Logged aircraft: ['2025-05-05 04:16:37', '7C7AB1', 'VOZ849', '19175', '424', '-37.19677', '145.45260']
Logged aircraft: ['2025-05-05 04:16:38', '7C7AD6', 'YJS', '7925', '141', '-38.00725', '145.89874']
Logged aircraft: ['2025-05-05 04:16:42', '7C7AD6', 'YJS', '7925', '141', '-38.00576', '145.89450']
Logged aircraft: ['2025-05-05 04:16:45', '780A29', 'CPA3128', '12800', '309', '-37.47217', '145.59982']
Logged aircraft: ['2025-05-05 04:16:47', '7C7AD6', 'YJS', '7925', '140', '-38.00460', '145.89121']
Flushed stale aircraft: ['2025-05-05 04:16:51', '7C6DEC', '', '14475', '329', '-37.48875', '145.57225']
Logged aircraft: ['2025-05-05 04:16:52', '7C7AD6', 'YJS', '7925', '140', '-38.00325', '145.88727']
Logged aircraft: ['2025-05-05 04:16:53', '7C7AD6', 'YJS', '7925', '140', '-38.00199', '145.88369']
Logged aircraft: ['2025-05-05 04:16:53', '7CFA03', 'ALDN53', '24000', '250', '-37.66589', '145.89283']
Logged aircraft: ['2025-05-05 04:16:58', '7C7AD6', 'YJS', '7925', '140', '-38.00180', '145.88324']
Logged aircraft: ['2025-05-05 04:17:03', '7C7AD6', 'YJS', '7925', '139', '-38.00047', '145.87933']
Logged aircraft: ['2025-05-05 04:17:08', '7C7AD6', 'YJS', '7900', '140', '-37.99938', '145.87623']
Logged aircraft: ['2025-05-05 04:17:12', '7C7AD6', 'YJS', '7900', '140', '-37.99809', '145.87243']
Logged aircraft: ['2025-05-05 04:17:18', '7C7AD6', 'YJS', '7900', '141', '-37.99677', '145.86864']
Logged aircraft: ['2025-05-05 04:17:23', '7C7AD6', 'YJS', '7900', '141', '-37.99535', '145.86460']
Logged aircraft: ['2025-05-05 04:17:28', '7C7AD6', 'YJS', '7900', '140', '-37.99397', '145.86069']
Logged aircraft: ['2025-05-05 04:17:33', '7C7AD6', 'YJS', '7900', '139', '-37.99272', '145.85724']
Logged aircraft: ['2025-05-05 04:17:38', '7C7AD6', 'YJS', '7925', '139', '-37.99128', '145.85306']
Flushed stale aircraft: ['2025-05-05 04:17:39', '7C77F4', '', '', '456', '', '']
Logged aircraft: ['2025-05-05 04:17:47', '7C7AD6', 'YJS', '7925', '139', '-37.99016', '145.84978']
Logged aircraft: ['2025-05-05 04:17:52', '7C7AD6', 'YJS', '7950', '139', '-37.98756', '145.84216']
Logged aircraft: ['2025-05-05 04:18:03', '7C7AD6', 'YJS', '7950', '139', '-37.98630', '145.83843']
Logged aircraft: ['2025-05-05 04:18:13', '7C7AD6', 'YJS', '7975', '139', '-37.98369', '145.83103']
Logged aircraft: ['2025-05-05 04:18:18', '7C7AD6', 'YJS', '8000', '138', '-37.98113', '145.82362']
Logged aircraft: ['2025-05-05 04:18:22', '7C7AD6', 'YJS', '8000', '139', '-37.97992', '145.82004']
Logged aircraft: ['2025-05-05 04:18:33', '7C7AD6', 'YJS', '8000', '141', '-37.97857', '145.81610']
Logged aircraft: ['2025-05-05 04:18:38', '7C7AD6', 'YJS', '7975', '145', '-37.97597', '145.80846']
Logged aircraft: ['2025-05-05 04:18:43', '7C7AD6', 'YJS', '7950', '145', '-37.97456', '145.80464']
Logged aircraft: ['2025-05-05 04:18:53', '7C7AD6', 'YJS', '7925', '146', '-37.97292', '145.79997']
Logged aircraft: ['2025-05-05 04:18:53', '7C7AD6', 'YJS', '7850', '148', '-37.97054', '145.79337']
Logged aircraft: ['2025-05-05 04:18:58', '7C7AD6', 'YJS', '7850', '148', '-37.97044', '145.79307']
Flushed stale aircraft: ['2025-05-05 04:18:59', '7C7AB1', '', '19425', '424', '-37.19032', '145.46313']
Logged aircraft: ['2025-05-05 04:19:07', '7C7AD6', 'YJS', '7825', '147', '-37.96907', '145.78933']
Logged aircraft: ['2025-05-05 04:19:12', '7C7AD6', 'YJS', '7775', '146', '-37.96628', '145.78150']
Logged aircraft: ['2025-05-05 04:19:17', '7C7AD6', 'YJS', '7775', '145', '-37.96503', '145.77795']
Logged aircraft: ['2025-05-05 04:19:25', '7C39FC', 'QLK35D', '17450', '302', '-37.34921', '145.58802']
Logged aircraft: ['2025-05-05 04:19:30', '7C39FC', 'QLK35D', '17225', '302', '-37.35608', '145.57697']
Flushed stale aircraft: ['2025-05-05 04:19:32', '780A29', '', '12550', '310', '-37.48098', '145.58521']
Logged aircraft: ['2025-05-05 04:19:32', '7C7AD6', 'YJS', '7775', '142', '-37.96368', '145.77395']
Logged aircraft: ['2025-05-05 04:19:37', '7C7AD6', 'YJS', '7775', '140', '-37.95992', '145.76251']
Logged aircraft: ['2025-05-05 04:19:40', '7C39FC', 'QLK35D', '17100', '302', '-37.35957', '145.57136']
Logged aircraft: ['2025-05-05 04:19:40', '7C39FC', 'QLK35D', '16825', '304', '-37.36809', '145.55756']
Logged aircraft: ['2025-05-05 04:19:42', '7C7AD6', 'YJS', '7800', '140', '-37.95865', '145.75872']
Logged aircraft: ['2025-05-05 04:19:45', '7C39FC', 'QLK35D', '16825', '305', '-37.36860', '145.55673']
Logged aircraft: ['2025-05-05 04:19:47', '7C7AD6', 'YJS', '7800', '140', '-37.95744', '145.75491']
Logged aircraft: ['2025-05-05 04:19:50', '7C39FC', 'QLK35D', '16700', '307', '-37.37270', '145.55010']
Logged aircraft: ['2025-05-05 04:19:55', '7C39FC', 'QLK35D', '16575', '310', '-37.37682', '145.54337']
Logged aircraft: ['2025-05-05 04:20:05', '7C39FC', 'QLK35D', '16425', '311', '-37.38140', '145.53577']
Logged aircraft: ['2025-05-05 04:20:10', '7C39FC', 'QLK35D', '16150', '314', '-37.39005', '145.52105']
Logged aircraft: ['2025-05-05 04:21:59', '7CFA03', 'ALDN53', '24025', '252', '-37.64312', '145.87211']
Logged aircraft: ['2025-05-05 04:22:09', '7CFA03', 'ALDN53', '24000', '250', '-37.35482', '145.61238']
Logged aircraft: ['2025-05-05 04:22:14', '7CFA03', 'ALDN53', '24000', '250', '-37.34504', '145.60354']
Logged aircraft: ['2025-05-05 04:22:19', '7CFA03', 'ALDN53', '24025', '250', '-37.33997', '145.59900']
Logged aircraft: ['2025-05-05 04:22:24', '7CFA03', 'ALDN53', '24000', '251', '-37.33580', '145.59526']
Logged aircraft: ['2025-05-05 04:22:29', '7CFA03', 'ALDN53', '24000', '252', '-37.33108', '145.59100']
Flushed stale aircraft: ['2025-05-05 04:22:31', '7C7AD6', '', '7825', '140', '-37.95609', '145.75084']
Logged aircraft: ['2025-05-05 04:22:39', '7CFA03', 'ALDN53', '24000', '252', '-37.32614', '145.58658']
Logged aircraft: ['2025-05-05 04:22:44', '7CFA03', 'ALDN53', '24000', '254', '-37.31680', '145.57826']
Logged aircraft: ['2025-05-05 04:22:49', '7CFA03', 'ALDN53', '24000', '254', '-37.31223', '145.57411']
Logged aircraft: ['2025-05-05 04:22:54', '7CFA03', 'ALDN53', '23975', '254', '-37.30743', '145.56980']
Logged aircraft: ['2025-05-05 04:22:59', '7CFA03', 'ALDN53', '24000', '254', '-37.30261', '145.56552']
Logged aircraft: ['2025-05-05 04:23:04', '7CFA03', 'ALDN53', '24000', '256', '-37.29684', '145.56032']
Flushed stale aircraft: ['2025-05-05 04:23:07', '7C39FC', '', '16000', '315', '-37.39462', '145.51321']
Logged aircraft: ['2025-05-05 04:23:09', '7CFA03', 'ALDN53', '24025', '256', '-37.29281', '145.55673']
Logged aircraft: ['2025-05-05 04:23:15', '7CFA03', 'ALDN53', '24000', '256', '-37.28778', '145.55219']
Flushed stale aircraft: ['2025-05-05 04:23:17', '7CB05C', '', '18025', '322', '-38.45508', '145.59864']
Logged aircraft: ['2025-05-05 04:23:20', '7CFA03', 'ALDN53', '24000', '257', '-37.28276', '145.54771']
Logged aircraft: ['2025-05-05 04:23:25', '7CFA03', 'ALDN53', '23975', '257', '-37.27773', '145.54317']
Logged aircraft: ['2025-05-05 04:23:29', '7CFA03', 'ALDN53', '24000', '257', '-37.27307', '145.53905']
Logged aircraft: ['2025-05-05 04:23:34', '7CFA03', 'ALDN53', '24000', '257', '-37.26805', '145.53452']
Logged aircraft: ['2025-05-05 04:23:40', '7CFA03', 'ALDN53', '24000', '257', '-37.26302', '145.53004']
Logged aircraft: ['2025-05-05 04:23:50', '7CFA03', 'ALDN53', '24000', '257', '-37.25858', '145.52607']
Logged aircraft: ['2025-05-05 04:24:10', '7CFA03', 'ALDN53', '24000', '257', '-37.24887', '145.51742']
Starting aircraft logger...
Connecting to 127.0.0.1:30003...
Connected. Listening for aircraft data...
Logged aircraft: ['2025-05-05 05:01:31', '7C7AA0', 'VOZ268', '15475', '317', '-37.46608', '145.61157']
Logged aircraft: ['2025-05-05 05:01:34', '7C7AA0', 'VOZ268', '15325', '316', '-37.46794', '145.60843']
Logged aircraft: ['2025-05-05 05:01:39', '7C7AA0', 'VOZ268', '15250', '316', '-37.47047', '145.60414']
Logged aircraft: ['2025-05-05 05:01:44', '7C7AA0', 'VOZ268', '15075', '316', '-37.47488', '145.59661']
Logged aircraft: ['2025-05-05 05:01:49', '7C7AA0', 'VOZ268', '14925', '316', '-37.47902', '145.58951']
Logged aircraft: ['2025-05-05 05:01:55', '7C7AA0', 'VOZ268', '14775', '315', '-37.48334', '145.58194']
Logged aircraft: ['2025-05-05 05:01:59', '7C7AA0', 'VOZ268', '14600', '315', '-37.48768', '145.57476']
Logged aircraft: ['2025-05-05 05:02:04', '7C7AA0', 'VOZ268', '14450', '314', '-37.49224', '145.56700']
Logged aircraft: ['2025-05-05 05:02:20', '7C7AA0', 'VOZ268', '14125', '313', '-37.50137', '145.55149']
Flushed stale aircraft: ['2025-05-05 05:05:28', '7C7AA0', '', '13825', '310', '-37.51057', '145.53571']
Flushed stale aircraft: ['2025-05-05 05:06:28', '551BA5', '', '', '', '', '']
Logged aircraft: ['2025-05-05 05:11:18', '7C6DB5', 'QFA452', '21575', '427', '-37.16423', '145.39692']
Logged aircraft: ['2025-05-05 05:11:18', '7C6DB5', 'QFA452', '22650', '432', '-37.16354', '145.39814']
Logged aircraft: ['2025-05-05 05:11:33', '7C6DB5', 'QFA452', '22675', '433', '-37.16307', '145.39898']
Logged aircraft: ['2025-05-05 05:11:38', '7C6DB5', 'QFA452', '23250', '436', '-37.14633', '145.42819']
Logged aircraft: ['2025-05-05 05:11:58', '7C6DB5', 'QFA452', '23450', '439', '-37.14007', '145.43904']
Logged aircraft: ['2025-05-05 05:12:00', '7C6DB5', 'QFA452', '24200', '441', '-37.11633', '145.48036']
Logged aircraft: ['2025-05-05 05:13:12', '7C6DD4', 'QFA449', '16700', '381', '-37.44713', '145.64447']
Logged aircraft: ['2025-05-05 05:13:22', '7C6DD4', 'QFA449', '16475', '382', '-37.45086', '145.63751']
Logged aircraft: ['2025-05-05 05:13:23', '7C6DD4', 'QFA449', '15950', '383', '-37.46146', '145.61934']
Logged aircraft: ['2025-05-05 05:13:27', '7C6DD4', 'QFA449', '15925', '384', '-37.46184', '145.61858']
Logged aircraft: ['2025-05-05 05:13:32', '7C6DD4', 'QFA449', '15650', '384', '-37.46720', '145.60945']
Logged aircraft: ['2025-05-05 05:13:37', '7C6DD4', 'QFA449', '15425', '382', '-37.47157', '145.60187']
Logged aircraft: ['2025-05-05 05:13:43', '7C6DD4', 'QFA449', '15175', '382', '-37.47683', '145.59267']
Logged aircraft: ['2025-05-05 05:13:45', '7C6A53', 'AM320', '14000', '220', '-37.91172', '146.09553']
Logged aircraft: ['2025-05-05 05:13:47', '7C6DD4', 'QFA449', '14925', '381', '-37.48219', '145.58334']
Logged aircraft: ['2025-05-05 05:13:52', '7C6DD4', 'QFA449', '14700', '379', '-37.48735', '145.57440']
Logged aircraft: ['2025-05-05 05:13:55', '7C6A53', 'AM320', '14000', '221', '-37.90786', '146.07440']
Logged aircraft: ['2025-05-05 05:13:59', '7C6A53', 'AM320', '14000', '222', '-37.90725', '146.07111']
Logged aircraft: ['2025-05-05 05:14:01', '7C6C9C', 'JST608', '21875', '460', '-37.27210', '145.44071']
Flushed stale aircraft: ['2025-05-05 05:14:01', '7C6DB5', '', '24250', '442', '-37.11406', '145.48429']
Logged aircraft: ['2025-05-05 05:14:05', '7C6A53', 'AM320', '14000', '222', '-37.90604', '146.06440']
Logged aircraft: ['2025-05-05 05:14:14', '7C6C9C', 'JST608', '22125', '461', '-37.26670', '145.44967']
Logged aircraft: ['2025-05-05 05:14:19', '7C6C9C', 'JST608', '22525', '464', '-37.25185', '145.47421']
Logged aircraft: ['2025-05-05 05:14:24', '7C6C9C', 'JST608', '22625', '465', '-37.24571', '145.48423']
Logged aircraft: ['2025-05-05 05:14:24', '7C6A53', 'AM320', '14000', '222', '-37.90485', '146.05786']
Logged aircraft: ['2025-05-05 05:14:34', '7C6C9C', 'JST608', '22675', '467', '-37.24013', '145.49346']
Logged aircraft: ['2025-05-05 05:15:15', '7C6A53', 'AM320', '14000', '221', '-37.90032', '146.03326']
Logged aircraft: ['2025-05-05 05:15:20', '7C6A53', 'AM320', '14000', '216', '-37.88846', '145.96938']
Logged aircraft: ['2025-05-05 05:15:34', '7C6A53', 'AM320', '14000', '216', '-37.88754', '145.96447']
Logged aircraft: ['2025-05-05 05:15:44', '7C6A53', 'AM320', '14000', '216', '-37.88416', '145.94644']
Logged aircraft: ['2025-05-05 05:15:54', '7C6A53', 'AM320', '14000', '217', '-37.88198', '145.93486']
Logged aircraft: ['2025-05-05 05:15:56', '7C7BCE', 'VOZ853', '21875', '412', '-37.17151', '145.38401']
Logged aircraft: ['2025-05-05 05:15:59', '7C6A53', 'AM320', '14000', '218', '-37.87953', '145.92187']
Logged aircraft: ['2025-05-05 05:16:02', '7C7BCE', 'VOZ853', '22825', '418', '-37.14966', '145.42220']
Logged aircraft: ['2025-05-05 05:16:04', '7C6A53', 'AM320', '14000', '218', '-37.87848', '145.91620']
Logged aircraft: ['2025-05-05 05:16:09', '7C6A53', 'AM320', '14000', '218', '-37.87723', '145.90966']
Flushed stale aircraft: ['2025-05-05 05:16:10', '7C6DD4', '', '14450', '379', '-37.49231', '145.56587']
Logged aircraft: ['2025-05-05 05:16:14', '7C6A53', 'AM320', '14000', '218', '-37.87605', '145.90335']
Logged aircraft: ['2025-05-05 05:16:17', '7C7BCE', 'VOZ853', '23025', '420', '-37.14426', '145.43170']
Logged aircraft: ['2025-05-05 05:16:20', '7C6A53', 'AM320', '14000', '218', '-37.87476', '145.89653']
Logged aircraft: ['2025-05-05 05:16:22', '7C7BCE', 'VOZ853', '23600', '424', '-37.12676', '145.46221']
Logged aircraft: ['2025-05-05 05:16:25', '7C6A53', 'AM320', '14000', '218', '-37.87374', '145.89109']
Logged aircraft: ['2025-05-05 05:16:27', '7C7BCE', 'VOZ853', '23800', '426', '-37.12019', '145.47359']
Logged aircraft: ['2025-05-05 05:16:30', '7C6A53', 'AM320', '14000', '218', '-37.87257', '145.88476']
Logged aircraft: ['2025-05-05 05:16:35', '7C6A53', 'AM320', '14000', '218', '-37.87134', '145.87833']
Logged aircraft: ['2025-05-05 05:16:40', '7C6A53', 'AM320', '14000', '218', '-37.87011', '145.87175']
Logged aircraft: ['2025-05-05 05:16:45', '7C6A53', 'AM320', '14000', '218', '-37.86905', '145.86618']
Flushed stale aircraft: ['2025-05-05 05:16:45', '7C6C9C', '', '22825', '472', '-37.22694', '145.51514']
Logged aircraft: ['2025-05-05 05:16:49', '7C6A53', 'AM320', '14000', '218', '-37.86777', '145.85923']
Logged aircraft: ['2025-05-05 05:16:55', '7C6A53', 'AM320', '14000', '218', '-37.86667', '145.85356']
Logged aircraft: ['2025-05-05 05:17:00', '7C6A53', 'AM320', '14000', '218', '-37.86545', '145.84697']
Logged aircraft: ['2025-05-05 05:17:02', '7C6A53', 'AM320', '14000', '218', '-37.86433', '145.84093']
Logged aircraft: ['2025-05-05 05:17:05', '7C6A53', 'AM320', '14000', '218', '-37.86383', '145.83819']
Logged aircraft: ['2025-05-05 05:17:10', '7C6A53', 'AM320', '14000', '218', '-37.86324', '145.83497']
Logged aircraft: ['2025-05-05 05:17:15', '7C6A53', 'AM320', '14000', '217', '-37.86201', '145.82846']
Logged aircraft: ['2025-05-05 05:17:20', '7C6A53', 'AM320', '14000', '217', '-37.86089', '145.82249']
Logged aircraft: ['2025-05-05 05:17:24', '7C6A53', 'AM320', '14000', '217', '-37.85976', '145.81651']
Logged aircraft: ['2025-05-05 05:17:30', '7C6A53', 'AM320', '14000', '216', '-37.85856', '145.80995']
Logged aircraft: ['2025-05-05 05:17:35', '7C6A53', 'AM320', '14000', '216', '-37.85735', '145.80356']
Logged aircraft: ['2025-05-05 05:17:39', '7C6A53', 'AM320', '14000', '216', '-37.85637', '145.79819']
Logged aircraft: ['2025-05-05 05:17:45', '7C6A53', 'AM320', '14000', '215', '-37.85530', '145.79234']
Logged aircraft: ['2025-05-05 05:17:49', '7C6A53', 'AM320', '14000', '215', '-37.85414', '145.78625']
Logged aircraft: ['2025-05-05 05:17:54', '7C6A53', 'AM320', '14000', '214', '-37.85302', '145.78016']
Logged aircraft: ['2025-05-05 05:17:59', '7C6A53', 'AM320', '14000', '214', '-37.85188', '145.77414']
Logged aircraft: ['2025-05-05 05:18:02', '7C6A53', 'AM320', '13950', '215', '-37.85078', '145.76830']
Logged aircraft: ['2025-05-05 05:18:04', '7C6A53', 'AM320', '13925', '216', '-37.85027', '145.76547']
Logged aircraft: ['2025-05-05 05:18:09', '7C6A53', 'AM320', '13900', '217', '-37.84964', '145.76216']
Logged aircraft: ['2025-05-05 05:18:24', '7C6A53', 'AM320', '13825', '220', '-37.84840', '145.75567']
Logged aircraft: ['2025-05-05 05:18:29', '7C6A53', 'AM320', '13550', '228', '-37.84479', '145.73709']
Flushed stale aircraft: ['2025-05-05 05:18:35', '7C7BCE', '', '23975', '427', '-37.10697', '145.49666']
Logged aircraft: ['2025-05-05 05:18:39', '7C6A53', 'AM320', '13450', '230', '-37.84346', '145.73002']
Logged aircraft: ['2025-05-05 05:18:49', '7C6A53', 'AM320', '13250', '236', '-37.84090', '145.71670']
Logged aircraft: ['2025-05-05 05:18:54', '7C6A53', 'AM320', '13025', '241', '-37.83836', '145.70325']
Logged aircraft: ['2025-05-05 05:18:59', '7C6A53', 'AM320', '12925', '243', '-37.83710', '145.69648']
Logged aircraft: ['2025-05-05 05:19:04', '7C6A53', 'AM320', '12800', '244', '-37.83580', '145.68946']
Logged aircraft: ['2025-05-05 05:19:09', '7C6A53', 'AM320', '12675', '245', '-37.83440', '145.68210']
Logged aircraft: ['2025-05-05 05:19:24', '7C6A53', 'AM320', '12575', '245', '-37.83321', '145.67567']
Flushed stale aircraft: ['2025-05-05 05:23:00', '7C6A53', '', '12250', '246', '-37.82927', '145.65475']
Flushed stale aircraft: ['2025-05-05 05:23:00', '7C78A8', '', '', '342', '', '']
Flushed stale aircraft: ['2025-05-05 05:25:43', '343493', '', '', '', '', '']
Logged aircraft: ['2025-05-05 05:29:05', '7CAD45', 'VOZ846', '16575', '350', '-37.44864', '145.64172']
Logged aircraft: ['2025-05-05 05:29:10', '7CAD45', 'VOZ846', '16150', '348', '-37.45048', '145.63835']
Logged aircraft: ['2025-05-05 05:29:15', '7CAD45', 'VOZ846', '15975', '349', '-37.45514', '145.63015']
Logged aircraft: ['2025-05-05 05:29:20', '7CAD45', 'VOZ846', '15800', '348', '-37.46013', '145.62162']
Logged aircraft: ['2025-05-05 05:29:25', '7CAD45', 'VOZ846', '15650', '348', '-37.46443', '145.61431']
Logged aircraft: ['2025-05-05 05:29:29', '7CAD45', 'VOZ846', '15450', '348', '-37.46929', '145.60599']
Logged aircraft: ['2025-05-05 05:29:29', '7CAD45', 'VOZ846', '15325', '348', '-37.47308', '145.59947']
Logged aircraft: ['2025-05-05 05:29:34', '7CAD45', 'VOZ846', '15275', '347', '-37.47400', '145.59783']
Logged aircraft: ['2025-05-05 05:29:40', '7CAD45', 'VOZ846', '15150', '346', '-37.47879', '145.58951']
Logged aircraft: ['2025-05-05 05:29:45', '7CAD45', 'VOZ846', '15050', '342', '-37.48344', '145.58139']
Logged aircraft: ['2025-05-05 05:29:49', '7CAD45', 'VOZ846', '15000', '338', '-37.48814', '145.57323']
Logged aircraft: ['2025-05-05 05:29:52', '7C6D78', 'JST520', '17700', '418', '-37.23104', '145.43510']
Logged aircraft: ['2025-05-05 05:30:12', '7C6D78', 'JST520', '18025', '421', '-37.21971', '145.45302']
Logged aircraft: ['2025-05-05 05:31:46', '7C3344', 'KEU', '5350', '124', '-38.04645', '145.81861']
Logged aircraft: ['2025-05-05 05:32:16', '7C3344', 'KEU', '5350', '125', '-38.04753', '145.82422']
Logged aircraft: ['2025-05-05 05:32:21', '7C3344', 'KEU', '5350', '125', '-38.05105', '145.84022']
Flushed stale aircraft: ['2025-05-05 05:32:30', '7CAD45', '', '14900', '336', '-37.49350', '145.56411']
Logged aircraft: ['2025-05-05 05:32:31', '7C3344', 'KEU', '5350', '125', '-38.05194', '145.84416']
Logged aircraft: ['2025-05-05 05:32:41', '7C3344', 'KEU', '5350', '126', '-38.05344', '145.85069']
Flushed stale aircraft: ['2025-05-05 05:32:43', '7C6D78', '', '18950', '417', '-37.19659', '145.48979']
Logged aircraft: ['2025-05-05 05:32:46', '7C3344', 'KEU', '5350', '131', '-38.05522', '145.85858']
Logged aircraft: ['2025-05-05 05:32:51', '7C764D', 'JST609', '23800', '393', '-37.43987', '145.65692']
Logged aircraft: ['2025-05-05 05:32:51', '7C3344', 'KEU', '5350', '133', '-38.05594', '145.86142']
Logged aircraft: ['2025-05-05 05:32:55', '7C764D', 'JST609', '23375', '387', '-37.44811', '145.63686']
Logged aircraft: ['2025-05-05 05:33:00', '7C764D', 'JST609', '23200', '386', '-37.45203', '145.62629']
Logged aircraft: ['2025-05-05 05:33:05', '7C764D', 'JST609', '23000', '383', '-37.45602', '145.61482']
Logged aircraft: ['2025-05-05 05:33:06', '7C3344', 'KEU', '5350', '135', '-38.05701', '145.86500']
Logged aircraft: ['2025-05-05 05:33:10', '7C764D', 'JST609', '22825', '381', '-37.45872', '145.60664']
Logged aircraft: ['2025-05-05 05:33:11', '7C3344', 'KEU', '5350', '138', '-38.06064', '145.87664']
Logged aircraft: ['2025-05-05 05:33:15', '7C764D', 'JST609', '22650', '379', '-37.46217', '145.59554']
Logged aircraft: ['2025-05-05 05:33:20', '7C764D', 'JST609', '22475', '378', '-37.46515', '145.58515']
Logged aircraft: ['2025-05-05 05:33:21', '7C3344', 'KEU', '5350', '138', '-38.06163', '145.88003']
Logged aircraft: ['2025-05-05 05:33:25', '7C3344', 'KEU', '5350', '136', '-38.06395', '145.88775']
Logged aircraft: ['2025-05-05 05:33:30', '7C764D', 'JST609', '22300', '376', '-37.46828', '145.57358']
Logged aircraft: ['2025-05-05 05:33:30', '7C3344', 'KEU', '5350', '136', '-38.06488', '145.89084']
Logged aircraft: ['2025-05-05 05:33:36', '7C3344', 'KEU', '5350', '136', '-38.06614', '145.89491']
Logged aircraft: ['2025-05-05 05:33:41', '7C3344', 'KEU', '5350', '136', '-38.06717', '145.89844']
Logged aircraft: ['2025-05-05 05:33:46', '7C3344', 'KEU', '5350', '137', '-38.06841', '145.90241']
Logged aircraft: ['2025-05-05 05:33:50', '7C764D', 'JST609', '21925', '373', '-37.47354', '145.55330']
Logged aircraft: ['2025-05-05 05:34:01', '7C3344', 'KEU', '5350', '138', '-38.06972', '145.90686']
Logged aircraft: ['2025-05-05 05:34:26', '7C3344', 'KEU', '5350', '143', '-38.07312', '145.91832']
Logged aircraft: ['2025-05-05 05:34:30', '7C764D', 'JST609', '21250', '370', '-37.48395', '145.51356']
Logged aircraft: ['2025-05-05 05:34:31', '7C3344', 'KEU', '5350', '143', '-38.07893', '145.93777']
Logged aircraft: ['2025-05-05 05:34:46', '7C3344', 'KEU', '5350', '141', '-38.08010', '145.94179']
Logged aircraft: ['2025-05-05 05:34:51', '7C3344', 'KEU', '5325', '135', '-38.08411', '145.95547']
Logged aircraft: ['2025-05-05 05:34:56', '7C3344', 'KEU', '5325', '134', '-38.08439', '145.95629']
Logged aircraft: ['2025-05-05 05:35:01', '7C3344', 'KEU', '5350', '132', '-38.08543', '145.95997']
Logged aircraft: ['2025-05-05 05:35:06', '7C3344', 'KEU', '5350', '131', '-38.08662', '145.96389']
Logged aircraft: ['2025-05-05 05:35:11', '7C3344', 'KEU', '5350', '132', '-38.08759', '145.96722']
Logged aircraft: ['2025-05-05 05:35:16', '7C3344', 'KEU', '5350', '132', '-38.08878', '145.97108']
Logged aircraft: ['2025-05-05 05:35:21', '7C3344', 'KEU', '5350', '132', '-38.08983', '145.97463']
Logged aircraft: ['2025-05-05 05:35:25', '7C3344', 'KEU', '5350', '132', '-38.09088', '145.97803']
Logged aircraft: ['2025-05-05 05:35:30', '7C3344', 'KEU', '5350', '132', '-38.09211', '145.98197']
Logged aircraft: ['2025-05-05 05:35:35', '7C3344', 'KEU', '5350', '132', '-38.09309', '145.98513']
Logged aircraft: ['2025-05-05 05:35:41', '7C3344', 'KEU', '5350', '133', '-38.09412', '145.98848']
Logged aircraft: ['2025-05-05 05:35:46', '7C3344', 'KEU', '5350', '134', '-38.09541', '145.99264']
Logged aircraft: ['2025-05-05 05:35:51', '7C3344', 'KEU', '5350', '135', '-38.09663', '145.99648']
Logged aircraft: ['2025-05-05 05:35:56', '7C3344', 'KEU', '5350', '136', '-38.09765', '145.99988']
Logged aircraft: ['2025-05-05 05:36:06', '7C3344', 'KEU', '5325', '134', '-38.09882', '146.00358']
Logged aircraft: ['2025-05-05 05:36:11', '7C3344', 'KEU', '5350', '133', '-38.10096', '146.01075']
Logged aircraft: ['2025-05-05 05:36:16', '7C3344', 'KEU', '5350', '134', '-38.10226', '146.01517']
Logged aircraft: ['2025-05-05 05:36:25', '7C3344', 'KEU', '5350', '134', '-38.10306', '146.01800']
Logged aircraft: ['2025-05-05 05:36:35', '7C3344', 'KEU', '29675', '136', '-38.10571', '146.02700']
Flushed stale aircraft: ['2025-05-05 05:39:45', '7C3344', '', '5350', '136', '-38.10775', '146.03415']
Logged aircraft: ['2025-05-05 05:39:55', '7C6DE5', 'QFA451', '17400', '374', '-37.44960', '145.63948']
Logged aircraft: ['2025-05-05 05:40:00', '7C6DE5', 'QFA451', '16950', '370', '-37.44993', '145.63900']
Logged aircraft: ['2025-05-05 05:40:05', '7C6DE5', 'QFA451', '16750', '370', '-37.45468', '145.63056']
Logged aircraft: ['2025-05-05 05:40:15', '7C6DE5', 'QFA451', '16525', '370', '-37.45999', '145.62156']
Logged aircraft: ['2025-05-05 05:40:20', '7C6DE5', 'QFA451', '16075', '369', '-37.47015', '145.60426']
Logged aircraft: 